{"level":"error","message":"Error:MongoServerError: E11000 duplicate key error collection: iNoteBook.users index: userName_1 dup key: { userName: \"govinkm123\" }","service":"user-service"}
{"level":"error","message":"Error:MongoServerError: E11000 duplicate key error collection: iNoteBook.users index: userName_1 dup key: { userName: \"govinkm123\" }","service":"user-service"}
{"level":"error","message":"Error:MongoServerError: E11000 duplicate key error collection: iNoteBook.users index: userName_1 dup key: { userName: \"govinkm123\" }","service":"user-service"}
{"level":"error","message":[{"location":"body","msg":"Enter a valid email id","param":"email","value":"alphaBetaGama123ame.com"}],"service":"user-service"}
{"level":"error","message":"[object Object]","service":"user-service"}
{"level":"error","message":{"error":[{"location":"body","msg":"Enter a valid email id","param":"email","value":"alphaBetaGama123ame.com"}]},"service":"user-service"}
{"level":"error","message":{"error":[{"location":"body","msg":"Enter a valid email id","param":"email","value":"alphaBetaGama123ame.com"}]},"service":"user-service"}
{"level":"error","message":{"error":[{"location":"body","msg":"Enter a valid email id","param":"email","value":"alphaBetaGama123ame.com"}]},"service":"user-service"}
{"level":"error","message":{"error":[{"location":"body","msg":"Enter a valid email id","param":"email","value":"alphaBetaGama123ame.com"}]},"service":"user-service"}
{"level":"error","message":{"error":[{"location":"body","msg":"Enter a valid email id","param":"email","value":"alphaBetaGama123ame.com"}]},"service":"user-service"}
{"level":"error","message":{"error":[{"location":"body","msg":"Enter a valid email id","param":"email","value":"alphaBetaGama123ame.com"}]},"service":"user-service"}
{"level":"error","message":{"error":[{"location":"body","msg":"Enter a valid email id","param":"email","value":"alphaBetaGama123ame.com"}]},"service":"user-service"}
{"level":"error","message":{"error":[{"location":"body","msg":"Enter a valid email id","param":"email","value":"alphaBetaGama123ame.com"}]},"service":"user-service"}
{"level":"error","message":{"error":[{"location":"body","msg":"Enter a valid email id","param":"email","value":"alphaBetaGama123ame.com"}]},"service":"user-service"}
{"level":"error","message":{"error":[{"location":"body","msg":"Enter a valid email id","param":"email","value":"alphaBetaGama123ame.com"}]},"service":"user-service"}
{"level":"error","message":{"error":[{"location":"body","msg":"Enter a valid email id","param":"email","value":"alphaBetaGama123ame.com"}]},"service":"user-service"}
{"level":"error","message":{"error":[{"location":"body","msg":"Enter a valid email id","param":"email","value":"alphaBetaGama123ame.com"}]},"service":"user-service"}
{"level":"error","message":{"error":[{"location":"body","msg":"Enter a valid email id","param":"email","value":"alphaBetaGama123ame.com"}]},"service":"user-service"}
{"level":"error","message":{"error":[{"location":"body","msg":"Enter a valid email id","param":"email","value":"alphaBetaGama123ame.com"}]},"service":"user-service"}
{"level":"error","message":{"error":[{"location":"body","msg":"Enter a valid email id","param":"email","value":"alphaBetaGama123ame.com"}]},"service":"user-service"}
{"level":"error","message":{"error":[{"location":"body","msg":"Enter a valid email id","param":"email","value":"alphaBetaGama123ame.com"}]},"service":"user-service"}
{"level":"info","message":[{"location":"body","msg":"Enter a valid email id","param":"email","value":"alphaBetaGama123ame.com"}],"service":"user-service"}
{"level":"error","message":"Validation failed. Please check the validators.","service":"user-service"}
{"level":"error","message":"Validation failed. Please check the validators.","service":"user-service"}
{"level":"error","service":"user-service"}
{"level":"error","service":"user-service"}
{"level":"error","service":"user-service"}
{"level":"error","message":"Duplicate entry is not allowed","service":"user-service"}
{"level":"error","message":"Duplicate entry is not allowed","service":"user-service"}
{"level":"error","message":"Duplicate entry is not allowed","service":"user-service"}
{"level":"error","message":"Duplicate entry is not allowed","service":"user-service"}
{"level":"error","message":"Duplicate entry is not allowed","service":"user-service"}
{"level":"error","message":"Validation failed. Please check the validators.","service":"user-service"}
{"level":"error","message":"Validation failed. Please check the validators.","service":"user-service"}
{"level":"error","message":"Duplicate entry is not allowed","service":"user-service"}
{"level":"error","message":"Operation `users.findOne()` buffering timed out after 10000ms","service":"user-service"}
{"level":"error","message":"Duplicate entry is not allowed","service":"user-service"}
{"level":"error","message":"Duplicate entry is not allowed","service":"user-service"}
{"level":"error","message":"Duplicate entry is not allowed","service":"user-service"}
{"level":"error","message":"Validation failed. Please check the validators.","service":"user-service"}
{"level":"error","message":"Duplicate entry is not allowed","service":"user-service"}
{"level":"error","message":"E11000 duplicate key error collection: iNoteBook.users index: email_1 dup key: { email: \"alphaBetaGama123@ame.com\" }","service":"user-service"}
{"level":"error","message":"Duplicate entry is not allowed","service":"user-service"}
{"level":"error","message":"Validation failed. Please check the validators.","service":"user-service"}
{"level":"error","service":"user-service"}
{"level":"error","service":"user-service"}
{"level":"error","message":"Username not found.","service":"user-service"}
{"level":"error","service":"user-service"}
{"level":"error","message":"Unauthorized access. Auth-token missing in request.","service":"user-service"}
{"level":"info","message":"Successfully Connected to Database.","service":"user-service"}
{"level":"info","message":"Successfully Connected to Database.","service":"user-service"}
{"level":"info","message":"Successfully Connected to Database.","service":"user-service"}
{"level":"info","message":"Successfully Connected to Database.","service":"user-service"}
{"level":"info","message":"Successfully Connected to Database.","service":"user-service"}
{"level":"info","message":"Successfully Connected to Database.","service":"user-service"}
{"level":"info","message":"Successfully Connected to Database.","service":"user-service"}
{"level":"error","message":"Unauthorized access. Auth-token missing in request.","service":"user-service"}
{"level":"info","message":"Successfully Connected to Database.","service":"user-service"}
{"level":"error","message":"Unauthorized access. Auth-token missing in request.","service":"user-service"}
{"level":"error","message":"Unauthorized access. Auth-token missing in request.","service":"user-service"}
{"level":"info","message":"Successfully Connected to Database.","service":"user-service"}
{"level":"error","message":"Unauthorized access. Auth-token missing in request.","service":"user-service"}
{"level":"error","message":"jwt must be provided","name":"JsonWebTokenError","service":"user-service"}
{"level":"info","message":"Successfully Connected to Database.","service":"user-service"}
{"level":"error","message":"Unauthorized access. Auth-token missing in request.","service":"user-service"}
{"level":"error","message":"jwt must be provided","name":"JsonWebTokenError","service":"user-service"}
{"level":"info","message":"Successfully Connected to Database.","service":"user-service"}
{"expiredAt":"2022-01-26T08:45:46.000Z","level":"error","message":"jwt expired","name":"TokenExpiredError","service":"user-service"}
{"level":"info","message":"Successfully Connected to Database.","service":"user-service"}
{"expiredAt":"2022-01-26T08:45:46.000Z","level":"error","message":"jwt expired","name":"TokenExpiredError","service":"user-service"}
{"expiredAt":"2022-01-26T08:45:46.000Z","level":"error","message":"jwt expired","name":"TokenExpiredError","service":"user-service"}
{"expiredAt":"2022-01-26T08:45:46.000Z","level":"error","message":"jwt expired","name":"TokenExpiredError","service":"user-service"}
{"expiredAt":"2022-01-26T08:45:46.000Z","level":"error","message":"jwt expired","name":"TokenExpiredError","service":"user-service"}
{"expiredAt":"2022-01-26T08:45:46.000Z","level":"error","message":"jwt expired","name":"TokenExpiredError","service":"user-service"}
{"expiredAt":"2022-01-26T08:45:46.000Z","level":"error","message":"jwt expired","name":"TokenExpiredError","service":"user-service"}
{"expiredAt":"2022-01-26T08:45:46.000Z","level":"error","message":"jwt expired","name":"TokenExpiredError","service":"user-service"}
{"expiredAt":"2022-01-26T08:45:46.000Z","level":"error","message":"jwt expired","name":"TokenExpiredError","service":"user-service"}
{"expiredAt":"2022-01-26T08:45:46.000Z","level":"error","message":"jwt expired","name":"TokenExpiredError","service":"user-service"}
{"expiredAt":"2022-01-26T08:45:46.000Z","level":"error","message":"jwt expired","name":"TokenExpiredError","service":"user-service"}
{"level":"info","message":"Successfully Connected to Database.","service":"user-service"}
{"expiredAt":"2022-01-26T08:45:46.000Z","level":"error","message":"jwt expired","name":"TokenExpiredError","service":"user-service"}
{"level":"info","message":"Successfully Connected to Database.","service":"user-service"}
{"expiredAt":"2022-01-26T08:45:46.000Z","level":"error","message":"jwt expired","name":"TokenExpiredError","service":"user-service"}
{"level":"info","message":"Successfully Connected to Database.","service":"user-service"}
{"expiredAt":"2022-01-26T08:45:46.000Z","level":"error","message":"jwt expired","name":"TokenExpiredError","service":"user-service"}
{"level":"info","message":"Successfully Connected to Database.","service":"user-service"}
{"expiredAt":"2022-01-26T08:45:46.000Z","level":"error","message":"jwt expired","name":"TokenExpiredError","service":"user-service"}
{"level":"info","message":"Successfully Connected to Database.","service":"user-service"}
{"expiredAt":"2022-01-26T08:45:46.000Z","level":"error","message":"jwt expired","name":"TokenExpiredError","service":"user-service"}
{"level":"info","message":"Successfully Connected to Database.","service":"user-service"}
{"level":"info","message":"Successfully Connected to Database.","service":"user-service"}
{"level":"info","message":"Successfully Connected to Database.","service":"user-service"}
{"level":"info","message":"Successfully Connected to Database.","service":"user-service"}
{"level":"info","message":"Successfully Connected to Database.","service":"user-service"}
{"level":"info","message":"Successfully Connected to Database.","service":"user-service"}
{"level":"info","message":"Successfully Connected to Database.","service":"user-service"}
{"level":"info","message":"Notes are empty for this user","service":"user-service"}
{"level":"info","message":"Successfully Connected to Database.","service":"user-service"}
{"level":"info","message":"Notes are empty for this user","service":"user-service"}
{"level":"info","message":"Notes are empty for this user","service":"user-service"}
{"level":"info","message":"Notes are empty for this user","service":"user-service"}
{"level":"info","message":"Successfully Connected to Database.","service":"user-service"}
{"level":"info","message":"Successfully Connected to Database.","service":"user-service"}
{"level":"info","message":"Notes are empty for the user","service":"user-service"}
{"level":"info","message":"Successfully Connected to Database.","service":"user-service"}
{"level":"info","message":"Successfully Connected to Database.","service":"user-service"}
{"level":"info","message":"Successfully Connected to Database.","service":"user-service"}
{"level":"info","message":"Successfully Connected to Database.","service":"user-service"}
{"level":"info","message":"Successfully Connected to Database.","service":"user-service"}
{"level":"info","message":"Successfully Connected to Database.","service":"user-service"}
{"level":"info","message":"Successfully Connected to Database.","service":"user-service"}
{"level":"info","message":"Successfully Connected to Database.","service":"user-service"}
{"level":"info","message":"Successfully Connected to Database.","service":"user-service"}
{"level":"info","message":"Successfully Connected to Database.","service":"user-service"}
{"level":"info","message":"Successfully Connected to Database.","service":"user-service"}
{"level":"info","message":"Successfully Connected to Database.","service":"user-service"}
{"level":"info","message":"Successfully Connected to Database.","service":"user-service"}
{"level":"error","message":"Validation failed. Please check the validators.","service":"user-service"}
{"level":"error","message":"Validation failed. Please check the validators.","service":"user-service"}
{"level":"error","message":"Validation failed. Please check the validators.","service":"user-service"}
{"level":"info","message":"Successfully Connected to Database.","service":"user-service"}
{"level":"info","message":"Successfully Connected to Database.","service":"user-service"}
{"level":"info","message":"Successfully Connected to Database.","service":"user-service"}
{"level":"info","message":"Successfully Connected to Database.","service":"user-service"}
{"level":"info","message":"Successfully Connected to Database.","service":"user-service"}
{"level":"info","message":"Successfully Connected to Database.","service":"user-service"}
{"level":"info","message":"Successfully Connected to Database.","service":"user-service"}
{"level":"info","message":"Successfully Connected to Database.","service":"user-service"}
{"level":"info","message":"Successfully Connected to Database.","service":"user-service"}
{"level":"info","message":"Successfully Connected to Database.","service":"user-service"}
{"level":"info","message":"Successfully Connected to Database.","service":"user-service"}
{"level":"info","message":"Successfully Connected to Database.","service":"user-service"}
{"level":"info","message":"Successfully Connected to Database.","service":"user-service"}
{"level":"info","message":"Successfully Connected to Database.","service":"user-service"}
{"level":"info","message":"Successfully Connected to Database.","service":"user-service"}
{"level":"info","message":"Successfully Connected to Database.","service":"user-service"}
{"level":"info","message":"Successfully Connected to Database.","service":"user-service"}
{"level":"info","message":"Successfully Connected to Database.","service":"user-service"}
{"level":"info","message":"Successfully Connected to Database.","service":"user-service"}
{"level":"info","message":"Successfully Connected to Database.","service":"user-service"}
{"level":"info","message":"Successfully Connected to Database.","service":"user-service"}
{"level":"info","message":"Successfully Connected to Database.","service":"user-service"}
{"level":"info","message":"Successfully Connected to Database.","service":"user-service"}
{"level":"info","message":"Successfully Connected to Database.","service":"user-service"}
{"level":"info","message":"Successfully Connected to Database.","service":"user-service"}
{"level":"info","message":"Successfully Connected to Database.","service":"user-service"}
{"level":"info","message":"Successfully Connected to Database.","service":"user-service"}
{"level":"info","message":"Successfully Connected to Database.","service":"user-service"}
{"level":"info","message":"Successfully Connected to Database.","service":"user-service"}
{"level":"info","message":"Successfully Connected to Database.","service":"user-service"}
{"level":"info","message":"Successfully Connected to Database.","service":"user-service"}
{"level":"info","message":"Successfully Connected to Database.","service":"user-service"}
{"expiredAt":"2022-01-27T11:53:01.000Z","level":"error","message":"jwt expired","name":"TokenExpiredError","service":"user-service"}
{"expiredAt":"2022-01-27T11:53:01.000Z","level":"error","message":"jwt expired","name":"TokenExpiredError","service":"user-service"}
{"expiredAt":"2022-01-27T11:53:01.000Z","level":"error","message":"jwt expired","name":"TokenExpiredError","service":"user-service"}
{"level":"info","message":"Successfully Connected to Database.","service":"user-service"}
{"level":"info","message":"Successfully Connected to Database.","service":"user-service"}
{"level":"info","message":"Successfully Connected to Database.","service":"user-service"}
{"level":"info","message":"Successfully Connected to Database.","service":"user-service"}
{"level":"info","message":"Successfully Connected to Database.","service":"user-service"}
{"level":"info","message":"Successfully Connected to Database.","service":"user-service"}
